
Image Name                     PID Session Name        Session#    Mem Usage
========================= ======== ================ =========== ============
System Idle Process              0 Services                   0          8 K
System                           4 Services                   0        920 K
Secure System                  188 Services                   0     40,680 K
Registry                       232 Services                   0     27,488 K
smss.exe                       804 Services                   0        276 K
csrss.exe                     1224 Services                   0      1,724 K
wininit.exe                   1312 Services                   0        876 K
services.exe                  1460 Services                   0      6,056 K
LsaIso.exe                    1468 Services                   0        504 K
lsass.exe                     1488 Services                   0     14,344 K
svchost.exe                   1620 Services                   0     25,264 K
fontdrvhost.exe               1648 Services                   0        456 K
WUDFHost.exe                  1696 Services                   0      1,128 K
svchost.exe                   1788 Services                   0     15,732 K
svchost.exe                   1840 Services                   0      3,848 K
WUDFHost.exe                  2004 Services                   0      4,876 K
WUDFHost.exe                   928 Services                   0      3,288 K
svchost.exe                   1168 Services                   0      2,024 K
svchost.exe                   1120 Services                   0        844 K
svchost.exe                   1548 Services                   0      3,308 K
svchost.exe                   2092 Services                   0      5,032 K
svchost.exe                   2128 Services                   0      1,772 K
svchost.exe                   2136 Services                   0      5,156 K
svchost.exe                   2164 Services                   0      8,808 K
svchost.exe                   2212 Services                   0      2,828 K
IntelCpHDCPSvc.exe            2276 Services                   0      1,272 K
svchost.exe                   2320 Services                   0      1,416 K
svchost.exe                   2340 Services                   0      1,480 K
svchost.exe                   2388 Services                   0      1,112 K
svchost.exe                   2464 Services                   0     10,228 K
svchost.exe                   2544 Services                   0      4,248 K
svchost.exe                   2588 Services                   0      5,592 K
svchost.exe                   2796 Services                   0      3,352 K
svchost.exe                   2984 Services                   0     11,428 K
svchost.exe                   3104 Services                   0      2,060 K
svchost.exe                   3116 Services                   0      1,280 K
svchost.exe                   3176 Services                   0     13,728 K
svchost.exe                   3264 Services                   0      8,908 K
svchost.exe                   3316 Services                   0      1,452 K
svchost.exe                   3324 Services                   0      6,488 K
svchost.exe                   3332 Services                   0      1,296 K
Memory Compression            3444 Services                   0     80,664 K
svchost.exe                   3492 Services                   0      1,188 K
svchost.exe                   3540 Services                   0      1,888 K
TouchpointAnalyticsClient     3548 Services                   0     21,500 K
svchost.exe                   3556 Services                   0      2,904 K
AppHelperCap.exe              3572 Services                   0     10,648 K
DiagsCap.exe                  3580 Services                   0      2,156 K
NetworkCap.exe                3592 Services                   0      2,988 K
SysInfoCap.exe                3600 Services                   0     11,316 K
svchost.exe                   3772 Services                   0      7,772 K
svchost.exe                   3876 Services                   0     10,644 K
svchost.exe                   3276 Services                   0     14,940 K
svchost.exe                   3752 Services                   0      1,124 K
svchost.exe                   4272 Services                   0      3,012 K
svchost.exe                   4312 Services                   0      9,848 K
svchost.exe                   4344 Services                   0      2,788 K
spoolsv.exe                   4408 Services                   0      2,260 K
svchost.exe                   4436 Services                   0      8,472 K
svchost.exe                   4496 Services                   0      1,164 K
svchost.exe                   4600 Services                   0      2,724 K
svchost.exe                   4684 Services                   0      1,264 K
IntelAudioService.exe         4712 Services                   0      3,048 K
HPCommRecovery.exe            4720 Services                   0      5,184 K
svchost.exe                   4728 Services                   0     31,036 K
AnyDesk.exe                   4740 Services                   0      2,388 K
svchost.exe                   4748 Services                   0      1,460 K
OneApp.IGCC.WinService.ex     4756 Services                   0      6,520 K
nssm.exe                      4764 Services                   0      1,744 K
HPPrintScanDoctorService.     4772 Services                   0      1,892 K
ipf_uf.exe                    4784 Services                   0      1,180 K
svchost.exe                   4804 Services                   0     23,828 K
ETDService.exe                4812 Services                   0        820 K
ipfsvc.exe                    4824 Services                   0      1,140 K
jhi_service.exe               4832 Services                   0        848 K
svchost.exe                   4840 Services                   0      2,020 K
SECOMN64.exe                  4948 Services                   0      1,140 K
RtkAudUService64.exe          4960 Services                   0      2,248 K
RtkBtManServ.exe              4972 Services                   0      1,744 K
SafeExamBrowser.Service.e     5000 Services                   0      2,752 K
PEFService.exe                5064 Services                   0     11,092 K
mfemms.exe                    5088 Services                   0      3,224 K
ModuleCoreService.exe         4168 Services                   0      5,288 K
XtuService.exe                4548 Services                   0      7,728 K
wslservice.exe                5132 Services                   0      5,544 K
svchost.exe                   5148 Services                   0      1,356 K
svchost.exe                   5156 Services                   0      8,216 K
mysqld.exe                    5164 Services                   0        992 K
svchost.exe                   5172 Services                   0        620 K
MpDefenderCoreService.exe     5184 Services                   0      6,508 K
MsMpEng.exe                   5400 Services                   0   2,14,144 K
WMIRegistrationService.ex     5408 Services                   0      1,472 K
expressvpnd.exe               5924 Services                   0      8,648 K
svchost.exe                   5964 Services                   0      3,836 K
conhost.exe                   6192 Services                   0        744 K
MMSSHOST.exe                  6200 Services                   0     28,552 K
mfevtps.exe                   6332 Services                   0      1,816 K
ProtectedModuleHost.exe       6724 Services                   0      3,168 K
mysqld.exe                    7204 Services                   0      2,644 K
svchost.exe                   7332 Services                   0     10,164 K
svchost.exe                   8352 Services                   0      2,392 K
svchost.exe                   8472 Services                   0     17,980 K
AggregatorHost.exe            9208 Services                   0      6,744 K
conhost.exe                   9120 Services                   0        688 K
svchost.exe                   9364 Services                   0      8,928 K
ModuleCoreService.exe         9844 Services                   0     27,120 K
conhost.exe                   5216 Services                   0        792 K
svchost.exe                   9116 Services                   0      1,980 K
svchost.exe                  10440 Services                   0      1,528 K
McCSPServiceHost.exe         10968 Services                   0     14,832 K
unsecapp.exe                 11176 Services                   0      2,720 K
WmiPrvSE.exe                  8588 Services                   0      8,184 K
svchost.exe                  11312 Services                   0      1,768 K
svchost.exe                  11420 Services                   0      1,708 K
NgcIso.exe                   11664 Services                   0        376 K
svchost.exe                  12168 Services                   0     17,392 K
NisSrv.exe                   12300 Services                   0      2,472 K
svchost.exe                  13836 Services                   0      3,324 K
servicehost.exe               3380 Services                   0     22,732 K
mcapexe.exe                  13752 Services                   0      2,320 K
MfeAVSvc.exe                 13940 Services                   0     43,232 K
mcshield.exe                 15784 Services                   0      7,744 K
dasHost.exe                   9504 Services                   0      1,180 K
SecurityHealthService.exe    16540 Services                   0      5,800 K
svchost.exe                  16516 Services                   0      1,372 K
dasHost.exe                   1956 Services                   0        764 K
FileSyncHelper.exe            3720 Services                   0     10,576 K
svchost.exe                  17832 Services                   0      3,748 K
svchost.exe                   9972 Services                   0      2,780 K
svchost.exe                   1564 Services                   0      2,968 K
svchost.exe                   8876 Services                   0      3,296 K
svchost.exe                  18820 Services                   0      2,124 K
svchost.exe                  10796 Services                   0      3,264 K
svchost.exe                  13076 Services                   0      1,360 K
svchost.exe                   2756 Services                   0      1,692 K
svchost.exe                   8668 Services                   0      2,504 K
svchost.exe                   3100 Services                   0      8,992 K
svchost.exe                  17532 Services                   0      1,540 K
svchost.exe                  20232 Services                   0      1,592 K
svchost.exe                  20896 Services                   0      1,632 K
svchost.exe                  21536 Services                   0      1,696 K
svchost.exe                  16120 Services                   0      1,320 K
OfficeClickToRun.exe         20908 Services                   0      9,824 K
SearchIndexer.exe            20156 Services                   0     18,036 K
svchost.exe                  13404 Services                   0      1,608 K
csrss.exe                    28756 Console                    5      2,448 K
winlogon.exe                  6648 Console                    5      1,324 K
fontdrvhost.exe              21832 Console                    5      1,224 K
dwm.exe                      17308 Console                    5     88,780 K
svchost.exe                   4292 Services                   0        996 K
SECOCL64.exe                 16288 Console                    5      1,220 K
conhost.exe                   8496 Console                    5        760 K
ipf_helper.exe               12824 Console                    5      4,048 K
uihost.exe                   26408 Console                    5     11,848 K
sihost.exe                   24332 Console                    5     14,964 K
svchost.exe                   7940 Console                    5     11,244 K
svchost.exe                  19188 Console                    5      1,036 K
svchost.exe                   7360 Console                    5     12,476 K
taskhostw.exe                 4996 Console                    5      7,244 K
taskhostw.exe                16208 Console                    5      6,592 K
OverlayHelper.exe             3224 Console                    5      4,756 K
OmenInstallMonitor.exe       12296 Console                    5      4,584 K
McUICnt.exe                   7104 Console                    5      6,764 K
ETDCtrl.exe                   2788 Console                    5      1,596 K
RtkAudUService64.exe         14304 Console                    5      1,792 K
explorer.exe                  7652 Console                    5   1,68,360 K
ShellHost.exe                12832 Console                    5      5,992 K
CrossDeviceResume.exe          132 Console                    5      4,176 K
svchost.exe                  24492 Console                    5     21,984 K
SearchHost.exe                2524 Console                    5     31,784 K
StartMenuExperienceHost.e     3344 Console                    5     14,012 K
Widgets.exe                  18476 Console                    5     27,228 K
RuntimeBroker.exe            19600 Console                    5     14,724 K
svchost.exe                   3900 Console                    5      4,228 K
RuntimeBroker.exe             1796 Console                    5      5,240 K
WidgetService.exe            27760 Console                    5      2,884 K
msedgewebview2.exe            7968 Console                    5     35,164 K
msedgewebview2.exe            5324 Console                    5      1,776 K
msedgewebview2.exe           25688 Console                    5     10,592 K
msedgewebview2.exe           12492 Console                    5     20,200 K
msedgewebview2.exe           14340 Console                    5      6,264 K
msedgewebview2.exe           15624 Console                    5     67,260 K
ctfmon.exe                   24328 Console                    5     11,944 K
TextInputHost.exe            10276 Console                    5     22,384 K
chrome.exe                   19872 Console                    5   2,46,904 K
chrome.exe                   11048 Console                    5      2,508 K
chrome.exe                   13012 Console                    5   1,53,288 K
chrome.exe                   15716 Console                    5     39,536 K
chrome.exe                   26368 Console                    5      8,984 K
SecurityHealthSystray.exe    15712 Console                    5      1,180 K
ModuleCoreService.exe        25332 Console                    5      5,936 K
conhost.exe                  26700 Console                    5        796 K
RtkAudUService64.exe          9424 Console                    5      2,052 K
OneDrive.exe                 22484 Console                    5     71,012 K
WebexHost.exe                24800 Console                    5      3,244 K
svchost.exe                  28836 Console                    5      6,864 K
ApplicationFrameHost.exe     21376 Console                    5      3,952 K
SystemSettings.exe           15728 Console                    5        244 K
svchost.exe                   1452 Console                    5      1,268 K
UserOOBEBroker.exe            9600 Console                    5        968 K
Postman Agent.exe            11408 Console                    5      8,164 K
Postman Agent.exe            24748 Console                    5      6,720 K
Postman Agent.exe            16028 Console                    5      4,632 K
ms-teams.exe                  5248 Console                    5     20,940 K
RuntimeBroker.exe            28124 Console                    5      1,488 K
msedgewebview2.exe           24008 Console                    5     17,092 K
msedgewebview2.exe            8776 Console                    5      1,784 K
msedgewebview2.exe           23728 Console                    5      7,240 K
msedgewebview2.exe           28132 Console                    5      5,396 K
msedgewebview2.exe           19820 Console                    5      1,748 K
msedgewebview2.exe            8360 Console                    5     20,684 K
CrossDeviceService.exe       29160 Console                    5     13,956 K
RuntimeBroker.exe             4068 Console                    5      1,684 K
msedge.exe                   26196 Console                    5     38,560 K
msedge.exe                   24552 Console                    5      2,460 K
msedge.exe                   12360 Console                    5      8,124 K
msedge.exe                   24088 Console                    5     15,816 K
msedge.exe                   22492 Console                    5      3,636 K
msedge.exe                   24984 Console                    5      5,512 K
cmd.exe                      18156 Console                    5        428 K
cmd.exe                      12664 Console                    5        428 K
conhost.exe                  17472 Console                    5      1,040 K
conhost.exe                  14076 Console                    5      1,044 K
MfeBrowserHost.exe           15928 Console                    5      1,400 K
browserhost.exe               1528 Console                    5      1,288 K
chrome.exe                   25612 Console                    5     13,436 K
chrome.exe                   18200 Console                    5     20,996 K
DesktopExtension.exe         15284 Console                    5      4,868 K
HP.myHP.exe                  28588 Console                    5      5,492 K
AnyDesk.exe                   7004 Console                    5      6,956 K
ExpressVPNNotificationSer    12408 Console                    5      9,648 K
svchost.exe                  15308 Console                    5      3,424 K
asr.exe                      26120 Console                    5   1,70,508 K
ONENOTEM.EXE                 28492 Console                    5      1,476 K
AppActions.exe               19788 Console                    5      3,960 K
HPSystemEventUtilityBackg    29640 Console                    5      8,080 K
unsecapp.exe                 13328 Console                    5      4,804 K
HPMediaNetwork.exe           27092 Console                    5     14,616 K
HPSystemEventUtilityHost.    13504 Console                    5      4,840 K
OmenCommandCenterBackgrou    21636 Console                    5   1,33,732 K
WhatsApp.exe                  8928 Console                    5     25,120 K
RuntimeBroker.exe            27488 Console                    5     18,972 K
SDXHelper.exe                19504 Console                    5     12,536 K
FileCoAuth.exe               27796 Console                    5     15,844 K
msedge.exe                   24616 Console                    5      3,468 K
WmiPrvSE.exe                 20360 Services                   0     13,528 K
LockApp.exe                  28028 Console                    5         64 K
RuntimeBroker.exe            14156 Console                    5     10,732 K
audiodg.exe                  26524 Services                   0     20,640 K
chrome.exe                   24160 Console                    5   3,71,344 K
msedge.exe                     696 Console                    5      5,696 K
backgroundTaskHost.exe       16868 Console                    5      5,284 K
RuntimeBroker.exe            21572 Console                    5      1,468 K
svchost.exe                  23408 Console                    5      1,260 K
chrome.exe                   17772 Console                    5   5,33,636 K
Code.exe                     19560 Console                    5     71,320 K
Code.exe                      1348 Console                    5      3,112 K
Code.exe                      8716 Console                    5   1,56,796 K
Code.exe                     29728 Console                    5     11,988 K
Code.exe                      4004 Console                    5   2,88,956 K
Code.exe                     28104 Console                    5     91,244 K
Code.exe                     21348 Console                    5     25,264 K
Code.exe                     12336 Console                    5     20,960 K
Code.exe                     21964 Console                    5     50,216 K
conhost.exe                   8104 Console                    5      1,360 K
cmd.exe                      13744 Console                    5        436 K
Code.exe                      5368 Console                    5      8,644 K
Code.exe                     29412 Console                    5     52,596 K
Code.exe                     17580 Console                    5      5,292 K
Microsoft.SharePoint.exe     25556 Console                    5      2,684 K
QcShm.exe                    28112 Services                   0      1,588 K
chrome.exe                   12180 Console                    5   1,84,564 K
chrome.exe                   28648 Console                    5   4,03,340 K
chrome.exe                   27880 Console                    5     38,140 K
chrome.exe                   28456 Console                    5     25,368 K
conhost.exe                   5816 Console                    5      2,792 K
cmd.exe                      22820 Console                    5      1,436 K
conhost.exe                  27616 Console                    5      3,740 K
cmd.exe                      24200 Console                    5      2,212 K
chrome.exe                    2368 Console                    5   1,89,824 K
chrome.exe                   24188 Console                    5   1,16,572 K
chrome.exe                   30360 Console                    5   1,07,844 K
chrome.exe                    8000 Console                    5     78,880 K
chrome.exe                   10832 Console                    5     71,584 K
svchost.exe                   3020 Services                   0      9,496 K
chrome.exe                   27408 Console                    5     29,188 K
conhost.exe                   2496 Console                    5      8,052 K
bash.exe                      2584 Console                    5      6,908 K
bash.exe                     23636 Console                    5     13,540 K
dllhost.exe                  29592 Console                    5      9,716 K
bash.exe                     17904 Console                    5     10,584 K
bash.exe                     10120 Console                    5      8,544 K
tasklist.exe                 29132 Console                    5     13,076 K
